<?xml version="1.0" encoding="utf-8"?><testsuites name="pytest tests"><testsuite name="pytest" errors="0" failures="0" skipped="0" tests="31" time="3.518" timestamp="2026-05-14T10:38:30.920390+00:00" hostname="agent-env-9c7f9cc5-25c1-4776-a1c8-a547a0fc754b"><testcase classname="backend.tests.backend_test.TestPublic" name="test_root" time="0.510" /><testcase classname="backend.tests.backend_test.TestPublic" name="test_stats" time="0.047" /><testcase classname="backend.tests.backend_test.TestPublic" name="test_services_seeded" time="0.053" /><testcase classname="backend.tests.backend_test.TestPublic" name="test_service_by_slug" time="0.047" /><testcase classname="backend.tests.backend_test.TestPublic" name="test_projects_list" time="0.048" /><testcase classname="backend.tests.backend_test.TestPublic" name="test_projects_filter" time="0.048" /><testcase classname="backend.tests.backend_test.TestPublic" name="test_project_by_id" time="0.098" /><testcase classname="backend.tests.backend_test.TestPublic" name="test_project_not_found" time="0.128" /><testcase classname="backend.tests.backend_test.TestPublic" name="test_blog_list" time="0.048" /><testcase classname="backend.tests.backend_test.TestPublic" name="test_blog_by_slug" time="0.097" /><testcase classname="backend.tests.backend_test.TestPublic" name="test_testimonials" time="0.047" /><testcase classname="backend.tests.backend_test.TestPublic" name="test_settings" time="0.048" /><testcase classname="backend.tests.backend_test.TestInquiriesPublic" name="test_create_inquiry_no_auth" time="0.068" /><testcase classname="backend.tests.backend_test.TestAuth" name="test_login_success" time="0.271" /><testcase classname="backend.tests.backend_test.TestAuth" name="test_login_invalid" time="0.275" /><testcase classname="backend.tests.backend_test.TestAuth" name="test_me_with_bearer" time="0.324" /><testcase classname="backend.tests.backend_test.TestAuth" name="test_me_no_auth" time="0.099" /><testcase classname="backend.tests.backend_test.TestAuth" name="test_protected_rejects_no_auth" time="0.141" /><testcase classname="backend.tests.backend_test.TestAuth" name="test_logout" time="0.048" /><testcase classname="backend.tests.backend_test.TestAdminOverview" name="test_overview" time="0.054" /><testcase classname="backend.tests.backend_test.TestProjectsCRUD" name="test_create" time="0.049" /><testcase classname="backend.tests.backend_test.TestProjectsCRUD" name="test_update" time="0.098" /><testcase classname="backend.tests.backend_test.TestProjectsCRUD" name="test_delete" time="0.098" /><testcase classname="backend.tests.backend_test.TestBlogCRUD" name="test_create" time="0.048" /><testcase classname="backend.tests.backend_test.TestBlogCRUD" name="test_delete" time="0.054" /><testcase classname="backend.tests.backend_test.TestInquiriesAdmin" name="test_create_seed_inquiry" time="0.044" /><testcase classname="backend.tests.backend_test.TestInquiriesAdmin" name="test_list_requires_auth" time="0.130" /><testcase classname="backend.tests.backend_test.TestInquiriesAdmin" name="test_list_with_auth" time="0.047" /><testcase classname="backend.tests.backend_test.TestInquiriesAdmin" name="test_patch_status" time="0.049" /><testcase classname="backend.tests.backend_test.TestInquiriesAdmin" name="test_delete_cleanup" time="0.046" /><testcase classname="backend.tests.backend_test.TestSettings" name="test_update_settings" time="0.095" /></testsuite></testsuites>